<?xml version="1.0" encoding="UTF-8"?>
<testng-results ignored="0" total="2" passed="2" failed="0" skipped="0">
  <reporter-output>
  </reporter-output>
  <suite started-at="2022-01-30T22:13:16 PST" name="Suite" finished-at="2022-01-30T22:13:39 PST" duration-ms="22430">
    <groups>
    </groups>
    <test started-at="2022-01-30T22:13:16 PST" name="Test" finished-at="2022-01-30T22:13:39 PST" duration-ms="22430">
      <class name="testCase.LoginTestCase">
        <test-method signature="login()[pri:0, instance:testCase.LoginTestCase@400cff1a]" started-at="2022-01-30T22:13:16 PST" name="login" finished-at="2022-01-30T22:13:29 PST" duration-ms="12482" status="PASS">
          <reporter-output>
          </reporter-output>
        </test-method> <!-- login -->
      </class> <!-- testCase.LoginTestCase -->
      <class name="testCase.UpdateProfile">
        <test-method signature="updateprofile()[pri:0, instance:testCase.UpdateProfile@29f69090]" started-at="2022-01-30T22:13:29 PST" name="updateprofile" finished-at="2022-01-30T22:13:39 PST" duration-ms="9923" status="PASS">
          <reporter-output>
          </reporter-output>
        </test-method> <!-- updateprofile -->
      </class> <!-- testCase.UpdateProfile -->
    </test> <!-- Test -->
  </suite> <!-- Suite -->
</testng-results>
