<?xml version="1.0" encoding="UTF-8"?>
<testng-results ignored="0" total="2" passed="2" failed="0" skipped="0">
  <reporter-output>
  </reporter-output>
  <suite started-at="2022-01-30T21:59:47 PST" name="Suite" finished-at="2022-01-30T22:00:09 PST" duration-ms="22674">
    <groups>
    </groups>
    <test started-at="2022-01-30T21:59:47 PST" name="Test" finished-at="2022-01-30T22:00:09 PST" duration-ms="22674">
      <class name="testCase.LoginTestCase">
        <test-method signature="login()[pri:0, instance:testCase.LoginTestCase@188715b5]" started-at="2022-01-30T21:59:47 PST" name="login" finished-at="2022-01-30T21:59:59 PST" duration-ms="12200" status="PASS">
          <reporter-output>
          </reporter-output>
        </test-method> <!-- login -->
      </class> <!-- testCase.LoginTestCase -->
      <class name="testCase.UpdateProfile">
        <test-method signature="updateprofile()[pri:0, instance:testCase.UpdateProfile@40ef3420]" started-at="2022-01-30T21:59:59 PST" name="updateprofile" finished-at="2022-01-30T22:00:09 PST" duration-ms="10422" status="PASS">
          <reporter-output>
          </reporter-output>
        </test-method> <!-- updateprofile -->
      </class> <!-- testCase.UpdateProfile -->
    </test> <!-- Test -->
  </suite> <!-- Suite -->
</testng-results>
